{"/home/cruz/Escritorio/Retomando_la_programacion/Full_stack_open/curse/frontend-notes-app/src/App.js": {"path":"/home/cruz/Escritorio/Retomando_la_programacion/Full_stack_open/curse/frontend-notes-app/src/App.js","statementMap":{"0":{"start":{"line":12,"column":12},"end":{"line":133,"column":1}},"1":{"start":{"line":13,"column":28},"end":{"line":13,"column":40}},"2":{"start":{"line":14,"column":32},"end":{"line":14,"column":46}},"3":{"start":{"line":15,"column":42},"end":{"line":15,"column":56}},"4":{"start":{"line":16,"column":34},"end":{"line":16,"column":46}},"5":{"start":{"line":17,"column":34},"end":{"line":17,"column":46}},"6":{"start":{"line":18,"column":26},"end":{"line":18,"column":40}},"7":{"start":{"line":19,"column":22},"end":{"line":19,"column":30}},"8":{"start":{"line":21,"column":18},"end":{"line":26,"column":3}},"9":{"start":{"line":22,"column":4},"end":{"line":22,"column":43}},"10":{"start":{"line":23,"column":4},"end":{"line":25,"column":7}},"11":{"start":{"line":24,"column":6},"end":{"line":24,"column":44}},"12":{"start":{"line":28,"column":22},"end":{"line":47,"column":3}},"13":{"start":{"line":29,"column":4},"end":{"line":29,"column":27}},"14":{"start":{"line":30,"column":4},"end":{"line":45,"column":5}},"15":{"start":{"line":31,"column":19},"end":{"line":34,"column":8}},"16":{"start":{"line":35,"column":6},"end":{"line":35,"column":77}},"17":{"start":{"line":36,"column":6},"end":{"line":36,"column":39}},"18":{"start":{"line":37,"column":6},"end":{"line":37,"column":20}},"19":{"start":{"line":38,"column":6},"end":{"line":38,"column":22}},"20":{"start":{"line":39,"column":6},"end":{"line":39,"column":22}},"21":{"start":{"line":41,"column":6},"end":{"line":41,"column":43}},"22":{"start":{"line":42,"column":6},"end":{"line":44,"column":15}},"23":{"start":{"line":43,"column":8},"end":{"line":43,"column":30}},"24":{"start":{"line":46,"column":4},"end":{"line":46,"column":55}},"25":{"start":{"line":49,"column":22},"end":{"line":49,"column":78}},"26":{"start":{"line":49,"column":63},"end":{"line":49,"column":77}},"27":{"start":{"line":51,"column":27},"end":{"line":67,"column":3}},"28":{"start":{"line":52,"column":17},"end":{"line":52,"column":47}},"29":{"start":{"line":52,"column":35},"end":{"line":52,"column":46}},"30":{"start":{"line":53,"column":24},"end":{"line":53,"column":63}},"31":{"start":{"line":55,"column":4},"end":{"line":66,"column":9}},"32":{"start":{"line":58,"column":8},"end":{"line":58,"column":79}},"33":{"start":{"line":58,"column":38},"end":{"line":58,"column":75}},"34":{"start":{"line":61,"column":8},"end":{"line":61,"column":80}},"35":{"start":{"line":62,"column":8},"end":{"line":64,"column":17}},"36":{"start":{"line":63,"column":10},"end":{"line":63,"column":32}},"37":{"start":{"line":65,"column":8},"end":{"line":65,"column":51}},"38":{"start":{"line":65,"column":37},"end":{"line":65,"column":48}},"39":{"start":{"line":69,"column":20},"end":{"line":79,"column":3}},"40":{"start":{"line":70,"column":4},"end":{"line":78,"column":16}},"41":{"start":{"line":74,"column":46},"end":{"line":74,"column":71}},"42":{"start":{"line":75,"column":46},"end":{"line":75,"column":71}},"43":{"start":{"line":81,"column":19},"end":{"line":85,"column":3}},"44":{"start":{"line":82,"column":4},"end":{"line":84,"column":16}},"45":{"start":{"line":87,"column":2},"end":{"line":91,"column":9}},"46":{"start":{"line":88,"column":4},"end":{"line":90,"column":7}},"47":{"start":{"line":89,"column":6},"end":{"line":89,"column":29}},"48":{"start":{"line":93,"column":2},"end":{"line":100,"column":9}},"49":{"start":{"line":94,"column":27},"end":{"line":94,"column":75}},"50":{"start":{"line":95,"column":4},"end":{"line":99,"column":5}},"51":{"start":{"line":96,"column":19},"end":{"line":96,"column":45}},"52":{"start":{"line":97,"column":6},"end":{"line":97,"column":20}},"53":{"start":{"line":98,"column":6},"end":{"line":98,"column":39}},"54":{"start":{"line":102,"column":2},"end":{"line":102,"column":47}},"55":{"start":{"line":104,"column":2},"end":{"line":132,"column":4}},"56":{"start":{"line":117,"column":31},"end":{"line":117,"column":51}},"57":{"start":{"line":123,"column":10},"end":{"line":127,"column":12}},"58":{"start":{"line":126,"column":36},"end":{"line":126,"column":61}}},"fnMap":{"0":{"name":"(anonymous_0)","decl":{"start":{"line":12,"column":12},"end":{"line":12,"column":13}},"loc":{"start":{"line":12,"column":18},"end":{"line":133,"column":1}},"line":12},"1":{"name":"(anonymous_1)","decl":{"start":{"line":21,"column":18},"end":{"line":21,"column":19}},"loc":{"start":{"line":21,"column":34},"end":{"line":26,"column":3}},"line":21},"2":{"name":"(anonymous_2)","decl":{"start":{"line":23,"column":40},"end":{"line":23,"column":41}},"loc":{"start":{"line":23,"column":59},"end":{"line":25,"column":5}},"line":23},"3":{"name":"(anonymous_3)","decl":{"start":{"line":28,"column":22},"end":{"line":28,"column":23}},"loc":{"start":{"line":28,"column":39},"end":{"line":47,"column":3}},"line":28},"4":{"name":"(anonymous_4)","decl":{"start":{"line":42,"column":17},"end":{"line":42,"column":18}},"loc":{"start":{"line":42,"column":23},"end":{"line":44,"column":7}},"line":42},"5":{"name":"(anonymous_5)","decl":{"start":{"line":49,"column":53},"end":{"line":49,"column":54}},"loc":{"start":{"line":49,"column":63},"end":{"line":49,"column":77}},"line":49},"6":{"name":"(anonymous_6)","decl":{"start":{"line":51,"column":27},"end":{"line":51,"column":28}},"loc":{"start":{"line":51,"column":35},"end":{"line":67,"column":3}},"line":51},"7":{"name":"(anonymous_7)","decl":{"start":{"line":52,"column":28},"end":{"line":52,"column":29}},"loc":{"start":{"line":52,"column":35},"end":{"line":52,"column":46}},"line":52},"8":{"name":"(anonymous_8)","decl":{"start":{"line":57,"column":12},"end":{"line":57,"column":13}},"loc":{"start":{"line":57,"column":31},"end":{"line":59,"column":7}},"line":57},"9":{"name":"(anonymous_9)","decl":{"start":{"line":58,"column":27},"end":{"line":58,"column":28}},"loc":{"start":{"line":58,"column":38},"end":{"line":58,"column":75}},"line":58},"10":{"name":"(anonymous_10)","decl":{"start":{"line":60,"column":13},"end":{"line":60,"column":14}},"loc":{"start":{"line":60,"column":24},"end":{"line":66,"column":7}},"line":60},"11":{"name":"(anonymous_11)","decl":{"start":{"line":62,"column":19},"end":{"line":62,"column":20}},"loc":{"start":{"line":62,"column":25},"end":{"line":64,"column":9}},"line":62},"12":{"name":"(anonymous_12)","decl":{"start":{"line":65,"column":30},"end":{"line":65,"column":31}},"loc":{"start":{"line":65,"column":37},"end":{"line":65,"column":48}},"line":65},"13":{"name":"(anonymous_13)","decl":{"start":{"line":69,"column":20},"end":{"line":69,"column":21}},"loc":{"start":{"line":70,"column":4},"end":{"line":78,"column":16}},"line":70},"14":{"name":"(anonymous_14)","decl":{"start":{"line":74,"column":30},"end":{"line":74,"column":31}},"loc":{"start":{"line":74,"column":46},"end":{"line":74,"column":71}},"line":74},"15":{"name":"(anonymous_15)","decl":{"start":{"line":75,"column":30},"end":{"line":75,"column":31}},"loc":{"start":{"line":75,"column":46},"end":{"line":75,"column":71}},"line":75},"16":{"name":"(anonymous_16)","decl":{"start":{"line":81,"column":19},"end":{"line":81,"column":20}},"loc":{"start":{"line":82,"column":4},"end":{"line":84,"column":16}},"line":82},"17":{"name":"(anonymous_17)","decl":{"start":{"line":87,"column":12},"end":{"line":87,"column":13}},"loc":{"start":{"line":87,"column":18},"end":{"line":91,"column":3}},"line":87},"18":{"name":"(anonymous_18)","decl":{"start":{"line":88,"column":30},"end":{"line":88,"column":31}},"loc":{"start":{"line":88,"column":48},"end":{"line":90,"column":5}},"line":88},"19":{"name":"(anonymous_19)","decl":{"start":{"line":93,"column":12},"end":{"line":93,"column":13}},"loc":{"start":{"line":93,"column":18},"end":{"line":100,"column":3}},"line":93},"20":{"name":"(anonymous_20)","decl":{"start":{"line":117,"column":25},"end":{"line":117,"column":26}},"loc":{"start":{"line":117,"column":31},"end":{"line":117,"column":51}},"line":117},"21":{"name":"(anonymous_21)","decl":{"start":{"line":122,"column":25},"end":{"line":122,"column":26}},"loc":{"start":{"line":123,"column":10},"end":{"line":127,"column":12}},"line":123},"22":{"name":"(anonymous_22)","decl":{"start":{"line":126,"column":30},"end":{"line":126,"column":31}},"loc":{"start":{"line":126,"column":36},"end":{"line":126,"column":61}},"line":126}},"branchMap":{"0":{"loc":{"start":{"line":49,"column":22},"end":{"line":49,"column":78}},"type":"cond-expr","locations":[{"start":{"line":49,"column":32},"end":{"line":49,"column":37}},{"start":{"line":49,"column":40},"end":{"line":49,"column":78}}],"line":49},"1":{"loc":{"start":{"line":58,"column":38},"end":{"line":58,"column":75}},"type":"cond-expr","locations":[{"start":{"line":58,"column":55},"end":{"line":58,"column":59}},{"start":{"line":58,"column":62},"end":{"line":58,"column":75}}],"line":58},"2":{"loc":{"start":{"line":95,"column":4},"end":{"line":99,"column":5}},"type":"if","locations":[{"start":{"line":95,"column":4},"end":{"line":99,"column":5}},{"start":{},"end":{}}],"line":95},"3":{"loc":{"start":{"line":108,"column":7},"end":{"line":115,"column":7}},"type":"cond-expr","locations":[{"start":{"line":109,"column":8},"end":{"line":109,"column":19}},{"start":{"line":111,"column":8},"end":{"line":114,"column":14}}],"line":108},"4":{"loc":{"start":{"line":118,"column":16},"end":{"line":118,"column":45}},"type":"cond-expr","locations":[{"start":{"line":118,"column":26},"end":{"line":118,"column":37}},{"start":{"line":118,"column":40},"end":{"line":118,"column":45}}],"line":118}},"s":{"0":0,"1":0,"2":0,"3":0,"4":0,"5":0,"6":0,"7":0,"8":0,"9":0,"10":0,"11":0,"12":0,"13":0,"14":0,"15":0,"16":0,"17":0,"18":0,"19":0,"20":0,"21":0,"22":0,"23":0,"24":0,"25":0,"26":0,"27":0,"28":0,"29":0,"30":0,"31":0,"32":0,"33":0,"34":0,"35":0,"36":0,"37":0,"38":0,"39":0,"40":0,"41":0,"42":0,"43":0,"44":0,"45":0,"46":0,"47":0,"48":0,"49":0,"50":0,"51":0,"52":0,"53":0,"54":0,"55":0,"56":0,"57":0,"58":0},"f":{"0":0,"1":0,"2":0,"3":0,"4":0,"5":0,"6":0,"7":0,"8":0,"9":0,"10":0,"11":0,"12":0,"13":0,"14":0,"15":0,"16":0,"17":0,"18":0,"19":0,"20":0,"21":0,"22":0},"b":{"0":[0,0],"1":[0,0],"2":[0,0],"3":[0,0],"4":[0,0]}}
,"/home/cruz/Escritorio/Retomando_la_programacion/Full_stack_open/curse/frontend-notes-app/src/index.js": {"path":"/home/cruz/Escritorio/Retomando_la_programacion/Full_stack_open/curse/frontend-notes-app/src/index.js","statementMap":{"0":{"start":{"line":5,"column":0},"end":{"line":5,"column":57}}},"fnMap":{},"branchMap":{},"s":{"0":0},"f":{},"b":{}}
,"/home/cruz/Escritorio/Retomando_la_programacion/Full_stack_open/curse/frontend-notes-app/src/components/Footer.js": {"path":"/home/cruz/Escritorio/Retomando_la_programacion/Full_stack_open/curse/frontend-notes-app/src/components/Footer.js","statementMap":{"0":{"start":{"line":1,"column":15},"end":{"line":15,"column":1}},"1":{"start":{"line":2,"column":22},"end":{"line":6,"column":3}},"2":{"start":{"line":7,"column":2},"end":{"line":14,"column":4}}},"fnMap":{"0":{"name":"(anonymous_0)","decl":{"start":{"line":1,"column":15},"end":{"line":1,"column":16}},"loc":{"start":{"line":1,"column":21},"end":{"line":15,"column":1}},"line":1}},"branchMap":{},"s":{"0":0,"1":0,"2":0},"f":{"0":0},"b":{}}
,"/home/cruz/Escritorio/Retomando_la_programacion/Full_stack_open/curse/frontend-notes-app/src/components/LoginForm.js": {"path":"/home/cruz/Escritorio/Retomando_la_programacion/Full_stack_open/curse/frontend-notes-app/src/components/LoginForm.js","statementMap":{"0":{"start":{"line":3,"column":18},"end":{"line":30,"column":1}},"1":{"start":{"line":10,"column":2},"end":{"line":29,"column":4}}},"fnMap":{"0":{"name":"(anonymous_0)","decl":{"start":{"line":3,"column":18},"end":{"line":3,"column":19}},"loc":{"start":{"line":9,"column":6},"end":{"line":30,"column":1}},"line":9}},"branchMap":{},"s":{"0":0,"1":0},"f":{"0":0},"b":{}}
,"/home/cruz/Escritorio/Retomando_la_programacion/Full_stack_open/curse/frontend-notes-app/src/components/Note.js": {"path":"/home/cruz/Escritorio/Retomando_la_programacion/Full_stack_open/curse/frontend-notes-app/src/components/Note.js","statementMap":{"0":{"start":{"line":3,"column":13},"end":{"line":12,"column":1}},"1":{"start":{"line":4,"column":16},"end":{"line":4,"column":72}},"2":{"start":{"line":6,"column":2},"end":{"line":11,"column":4}}},"fnMap":{"0":{"name":"(anonymous_0)","decl":{"start":{"line":3,"column":13},"end":{"line":3,"column":14}},"loc":{"start":{"line":3,"column":45},"end":{"line":12,"column":1}},"line":3}},"branchMap":{"0":{"loc":{"start":{"line":4,"column":16},"end":{"line":4,"column":72}},"type":"cond-expr","locations":[{"start":{"line":4,"column":33},"end":{"line":4,"column":53}},{"start":{"line":4,"column":56},"end":{"line":4,"column":72}}],"line":4}},"s":{"0":1,"1":1,"2":1},"f":{"0":1},"b":{"0":[1,0]},"_coverageSchema":"1a1c01bbd47fc00a2c39e90264f33305004495a9","hash":"997cd76fb7001659ead9b5f0d31703c47110d90e"}
,"/home/cruz/Escritorio/Retomando_la_programacion/Full_stack_open/curse/frontend-notes-app/src/components/NoteForm.js": {"path":"/home/cruz/Escritorio/Retomando_la_programacion/Full_stack_open/curse/frontend-notes-app/src/components/NoteForm.js","statementMap":{"0":{"start":{"line":3,"column":17},"end":{"line":30,"column":1}},"1":{"start":{"line":4,"column":32},"end":{"line":4,"column":44}},"2":{"start":{"line":6,"column":27},"end":{"line":8,"column":3}},"3":{"start":{"line":7,"column":4},"end":{"line":7,"column":35}},"4":{"start":{"line":10,"column":18},"end":{"line":19,"column":3}},"5":{"start":{"line":11,"column":4},"end":{"line":11,"column":27}},"6":{"start":{"line":12,"column":4},"end":{"line":16,"column":7}},"7":{"start":{"line":18,"column":4},"end":{"line":18,"column":19}},"8":{"start":{"line":21,"column":2},"end":{"line":29,"column":4}}},"fnMap":{"0":{"name":"(anonymous_0)","decl":{"start":{"line":3,"column":17},"end":{"line":3,"column":18}},"loc":{"start":{"line":3,"column":37},"end":{"line":30,"column":1}},"line":3},"1":{"name":"(anonymous_1)","decl":{"start":{"line":6,"column":27},"end":{"line":6,"column":28}},"loc":{"start":{"line":6,"column":38},"end":{"line":8,"column":3}},"line":6},"2":{"name":"(anonymous_2)","decl":{"start":{"line":10,"column":18},"end":{"line":10,"column":19}},"loc":{"start":{"line":10,"column":29},"end":{"line":19,"column":3}},"line":10}},"branchMap":{},"s":{"0":1,"1":3,"2":3,"3":1,"4":3,"5":1,"6":1,"7":1,"8":3},"f":{"0":3,"1":1,"2":1},"b":{},"_coverageSchema":"1a1c01bbd47fc00a2c39e90264f33305004495a9","hash":"7890bea529d70ca11d288cac17b56552e81e145e"}
,"/home/cruz/Escritorio/Retomando_la_programacion/Full_stack_open/curse/frontend-notes-app/src/components/Notification.js": {"path":"/home/cruz/Escritorio/Retomando_la_programacion/Full_stack_open/curse/frontend-notes-app/src/components/Notification.js","statementMap":{"0":{"start":{"line":1,"column":21},"end":{"line":7,"column":1}},"1":{"start":{"line":2,"column":2},"end":{"line":4,"column":3}},"2":{"start":{"line":3,"column":4},"end":{"line":3,"column":16}},"3":{"start":{"line":6,"column":2},"end":{"line":6,"column":48}}},"fnMap":{"0":{"name":"(anonymous_0)","decl":{"start":{"line":1,"column":21},"end":{"line":1,"column":22}},"loc":{"start":{"line":1,"column":38},"end":{"line":7,"column":1}},"line":1}},"branchMap":{"0":{"loc":{"start":{"line":2,"column":2},"end":{"line":4,"column":3}},"type":"if","locations":[{"start":{"line":2,"column":2},"end":{"line":4,"column":3}},{"start":{},"end":{}}],"line":2}},"s":{"0":0,"1":0,"2":0,"3":0},"f":{"0":0},"b":{"0":[0,0]}}
,"/home/cruz/Escritorio/Retomando_la_programacion/Full_stack_open/curse/frontend-notes-app/src/components/Togglable.js": {"path":"/home/cruz/Escritorio/Retomando_la_programacion/Full_stack_open/curse/frontend-notes-app/src/components/Togglable.js","statementMap":{"0":{"start":{"line":3,"column":18},"end":{"line":30,"column":2}},"1":{"start":{"line":4,"column":32},"end":{"line":4,"column":47}},"2":{"start":{"line":6,"column":26},"end":{"line":6,"column":60}},"3":{"start":{"line":7,"column":26},"end":{"line":7,"column":60}},"4":{"start":{"line":9,"column":27},"end":{"line":11,"column":3}},"5":{"start":{"line":10,"column":4},"end":{"line":10,"column":25}},"6":{"start":{"line":13,"column":2},"end":{"line":17,"column":5}},"7":{"start":{"line":14,"column":4},"end":{"line":16,"column":6}},"8":{"start":{"line":19,"column":2},"end":{"line":29,"column":4}}},"fnMap":{"0":{"name":"(anonymous_0)","decl":{"start":{"line":3,"column":35},"end":{"line":3,"column":36}},"loc":{"start":{"line":3,"column":51},"end":{"line":30,"column":1}},"line":3},"1":{"name":"(anonymous_1)","decl":{"start":{"line":9,"column":27},"end":{"line":9,"column":28}},"loc":{"start":{"line":9,"column":33},"end":{"line":11,"column":3}},"line":9},"2":{"name":"(anonymous_2)","decl":{"start":{"line":13,"column":27},"end":{"line":13,"column":28}},"loc":{"start":{"line":13,"column":33},"end":{"line":17,"column":3}},"line":13}},"branchMap":{"0":{"loc":{"start":{"line":6,"column":37},"end":{"line":6,"column":58}},"type":"cond-expr","locations":[{"start":{"line":6,"column":47},"end":{"line":6,"column":53}},{"start":{"line":6,"column":56},"end":{"line":6,"column":58}}],"line":6},"1":{"loc":{"start":{"line":7,"column":37},"end":{"line":7,"column":58}},"type":"cond-expr","locations":[{"start":{"line":7,"column":47},"end":{"line":7,"column":49}},{"start":{"line":7,"column":52},"end":{"line":7,"column":58}}],"line":7}},"s":{"0":1,"1":7,"2":7,"3":7,"4":7,"5":3,"6":7,"7":0,"8":7},"f":{"0":7,"1":3,"2":0},"b":{"0":[2,5],"1":[2,5]},"_coverageSchema":"1a1c01bbd47fc00a2c39e90264f33305004495a9","hash":"a25da2579fc085ac98f274d092e80231558a39b1"}
,"/home/cruz/Escritorio/Retomando_la_programacion/Full_stack_open/curse/frontend-notes-app/src/services/login.js": {"path":"/home/cruz/Escritorio/Retomando_la_programacion/Full_stack_open/curse/frontend-notes-app/src/services/login.js","statementMap":{"0":{"start":{"line":2,"column":16},"end":{"line":2,"column":49}},"1":{"start":{"line":4,"column":14},"end":{"line":7,"column":1}},"2":{"start":{"line":5,"column":19},"end":{"line":5,"column":57}},"3":{"start":{"line":6,"column":2},"end":{"line":6,"column":23}},"4":{"start":{"line":9,"column":21},"end":{"line":11,"column":1}}},"fnMap":{"0":{"name":"(anonymous_0)","decl":{"start":{"line":4,"column":14},"end":{"line":4,"column":15}},"loc":{"start":{"line":4,"column":37},"end":{"line":7,"column":1}},"line":4}},"branchMap":{},"s":{"0":0,"1":0,"2":0,"3":0,"4":0},"f":{"0":0},"b":{}}
,"/home/cruz/Escritorio/Retomando_la_programacion/Full_stack_open/curse/frontend-notes-app/src/services/notes.js": {"path":"/home/cruz/Escritorio/Retomando_la_programacion/Full_stack_open/curse/frontend-notes-app/src/services/notes.js","statementMap":{"0":{"start":{"line":2,"column":16},"end":{"line":2,"column":49}},"1":{"start":{"line":4,"column":12},"end":{"line":4,"column":16}},"2":{"start":{"line":6,"column":17},"end":{"line":8,"column":1}},"3":{"start":{"line":7,"column":2},"end":{"line":7,"column":31}},"4":{"start":{"line":10,"column":15},"end":{"line":19,"column":1}},"5":{"start":{"line":11,"column":18},"end":{"line":11,"column":36}},"6":{"start":{"line":12,"column":22},"end":{"line":17,"column":3}},"7":{"start":{"line":18,"column":2},"end":{"line":18,"column":71}},"8":{"start":{"line":18,"column":36},"end":{"line":18,"column":69}},"9":{"start":{"line":21,"column":15},"end":{"line":30,"column":1}},"10":{"start":{"line":22,"column":17},"end":{"line":26,"column":3}},"11":{"start":{"line":27,"column":2},"end":{"line":27,"column":22}},"12":{"start":{"line":28,"column":19},"end":{"line":28,"column":63}},"13":{"start":{"line":29,"column":2},"end":{"line":29,"column":23}},"14":{"start":{"line":32,"column":15},"end":{"line":35,"column":1}},"15":{"start":{"line":33,"column":18},"end":{"line":33,"column":58}},"16":{"start":{"line":34,"column":2},"end":{"line":34,"column":51}},"17":{"start":{"line":34,"column":36},"end":{"line":34,"column":49}},"18":{"start":{"line":37,"column":20},"end":{"line":42,"column":1}}},"fnMap":{"0":{"name":"(anonymous_0)","decl":{"start":{"line":6,"column":17},"end":{"line":6,"column":18}},"loc":{"start":{"line":6,"column":31},"end":{"line":8,"column":1}},"line":6},"1":{"name":"(anonymous_1)","decl":{"start":{"line":10,"column":15},"end":{"line":10,"column":16}},"loc":{"start":{"line":10,"column":21},"end":{"line":19,"column":1}},"line":10},"2":{"name":"(anonymous_2)","decl":{"start":{"line":18,"column":22},"end":{"line":18,"column":23}},"loc":{"start":{"line":18,"column":36},"end":{"line":18,"column":69}},"line":18},"3":{"name":"(anonymous_3)","decl":{"start":{"line":21,"column":15},"end":{"line":21,"column":16}},"loc":{"start":{"line":21,"column":36},"end":{"line":30,"column":1}},"line":21},"4":{"name":"(anonymous_4)","decl":{"start":{"line":32,"column":15},"end":{"line":32,"column":16}},"loc":{"start":{"line":32,"column":34},"end":{"line":35,"column":1}},"line":32},"5":{"name":"(anonymous_5)","decl":{"start":{"line":34,"column":22},"end":{"line":34,"column":23}},"loc":{"start":{"line":34,"column":36},"end":{"line":34,"column":49}},"line":34}},"branchMap":{},"s":{"0":0,"1":0,"2":0,"3":0,"4":0,"5":0,"6":0,"7":0,"8":0,"9":0,"10":0,"11":0,"12":0,"13":0,"14":0,"15":0,"16":0,"17":0,"18":0},"f":{"0":0,"1":0,"2":0,"3":0,"4":0,"5":0},"b":{}}
}
